e:\work\h3d_mobile\unity_lua\trunk\server\src\third_party\lua_dc\lua_dc.dir\debug\lua_dc.pdb
e:\work\h3d_mobile\unity_lua\trunk\server\src\third_party\lua_dc\lua_dc.dir\debug\crc32.obj
e:\work\h3d_mobile\unity_lua\trunk\server\src\third_party\lua_dc\lua_dc.dir\debug\seria_helper.obj
e:\work\h3d_mobile\unity_lua\trunk\server\src\third_party\lua_dc\lua_dc.dir\debug\seria_encode.obj
e:\work\h3d_mobile\unity_lua\trunk\server\src\third_party\lua_dc\lua_dc.dir\debug\seria_decode.obj
e:\work\h3d_mobile\unity_lua\trunk\server\src\third_party\lua_dc\lua_dc.dir\debug\seria_build.obj
e:\work\h3d_mobile\unity_lua\trunk\server\src\third_party\lua_dc\lua_dc.dir\debug\seria.obj
e:\work\h3d_mobile\unity_lua\trunk\server\src\third_party\lua_dc\lua_dc.dir\debug\lua_wrap.obj
e:\work\h3d_mobile\unity_lua\trunk\server\src\third_party\lua_dc\lua_dc.dir\debug\log.obj
e:\work\h3d_mobile\unity_lua\trunk\server\src\third_party\lua_dc\cmakefiles\generate.stamp
e:\work\h3d_mobile\unity_lua\trunk\server\src\third_party\lua_dc\debug\lua_dc_d.lib
e:\work\h3d_mobile\unity_lua\trunk\server\src\third_party\lua_dc\lua_dc.dir\debug\lua_dc.tlog\cl.command.1.tlog
e:\work\h3d_mobile\unity_lua\trunk\server\src\third_party\lua_dc\lua_dc.dir\debug\lua_dc.tlog\cl.read.1.tlog
e:\work\h3d_mobile\unity_lua\trunk\server\src\third_party\lua_dc\lua_dc.dir\debug\lua_dc.tlog\cl.write.1.tlog
e:\work\h3d_mobile\unity_lua\trunk\server\src\third_party\lua_dc\lua_dc.dir\debug\lua_dc.tlog\custombuild.command.1.tlog
e:\work\h3d_mobile\unity_lua\trunk\server\src\third_party\lua_dc\lua_dc.dir\debug\lua_dc.tlog\custombuild.read.1.tlog
e:\work\h3d_mobile\unity_lua\trunk\server\src\third_party\lua_dc\lua_dc.dir\debug\lua_dc.tlog\custombuild.write.1.tlog
e:\work\h3d_mobile\unity_lua\trunk\server\src\third_party\lua_dc\lua_dc.dir\debug\lua_dc.tlog\lib-link.read.1.tlog
e:\work\h3d_mobile\unity_lua\trunk\server\src\third_party\lua_dc\lua_dc.dir\debug\lua_dc.tlog\lib-link.write.1.tlog
e:\work\h3d_mobile\unity_lua\trunk\server\src\third_party\lua_dc\lua_dc.dir\debug\lua_dc.tlog\lib.command.1.tlog
